<?xml version="1.0" encoding="UTF-8"?>
  <testsuites tests="36" disabled="0" errors="0" failures="0" time="0.022443">
      <testsuite name="bhttp" package="/Users/adam/Documents/Projects/github.com/advdv/bhttp" tests="36" disabled="0" skipped="0" errors="0" failures="0" time="0.022443" timestamp="2024-06-30T14:27:32">
          <properties>
              <property name="SuiteSucceeded" value="true"></property>
              <property name="SuiteHasProgrammaticFocus" value="false"></property>
              <property name="SpecialSuiteFailureReason" value=""></property>
              <property name="SuiteLabels" value="[]"></property>
              <property name="RandomSeed" value="1719750452"></property>
              <property name="RandomizeAllSpecs" value="true"></property>
              <property name="LabelFilter" value=""></property>
              <property name="FocusStrings" value=""></property>
              <property name="SkipStrings" value=""></property>
              <property name="FocusFiles" value=""></property>
              <property name="SkipFiles" value=""></property>
              <property name="FailOnPending" value="true"></property>
              <property name="FailFast" value="false"></property>
              <property name="FlakeAttempts" value="0"></property>
              <property name="DryRun" value="false"></property>
              <property name="ParallelTotal" value="7"></property>
              <property name="OutputInterceptorMode" value=""></property>
          </properties>
          <testcase name="[It] buffered writes limiting should not limit writes when passed -1" classname="bhttp" status="passed" time="0.000757333">
              <system-err>&gt; Enter [It] should not limit writes when passed -1 - /Users/adam/Documents/Projects/github.com/advdv/bhttp/buffer_response_test.go:225 @ 06/30/24 14:27:32.23&#xA;&lt; Exit [It] should not limit writes when passed -1 - /Users/adam/Documents/Projects/github.com/advdv/bhttp/buffer_response_test.go:225 @ 06/30/24 14:27:32.23 (0s)&#xA;</system-err>
          </testcase>
          <testcase name="[It] middleware should wrap in the correct order, and allow context to be modif" classname="bhttp" status="passed" time="0.000616583">
              <system-err>&gt; Enter [It] should wrap in the correct order, and allow context to be modif - /Users/adam/Documents/Projects/github.com/advdv/bhttp/middleware_test.go:39 @ 06/30/24 14:27:32.231&#xA;STEP: making sure the request&#39;s context and c&#39;s carried data are equal - /Users/adam/Documents/Projects/github.com/advdv/bhttp/middleware_test.go:44 @ 06/30/24 14:27:32.231&#xA;STEP: making sure deadline is consistent between the two contexts - /Users/adam/Documents/Projects/github.com/advdv/bhttp/middleware_test.go:47 @ 06/30/24 14:27:32.231&#xA;&lt; Exit [It] should wrap in the correct order, and allow context to be modif - /Users/adam/Documents/Projects/github.com/advdv/bhttp/middleware_test.go:39 @ 06/30/24 14:27:32.231 (0s)&#xA;</system-err>
          </testcase>
          <testcase name="[It] buffered writes reset behaviour should allow re-writing headers" classname="bhttp" status="passed" time="0.000364667">
              <system-err>&gt; Enter [It] should allow re-writing headers - /Users/adam/Documents/Projects/github.com/advdv/bhttp/buffer_response_test.go:271 @ 06/30/24 14:27:32.233&#xA;&lt; Exit [It] should allow re-writing headers - /Users/adam/Documents/Projects/github.com/advdv/bhttp/buffer_response_test.go:271 @ 06/30/24 14:27:32.233 (0s)&#xA;</system-err>
          </testcase>
          <testcase name="[It] reverser should error if already exists" classname="bhttp" status="passed" time="0.001103041">
              <system-err>&gt; Enter [BeforeEach] reverser - /Users/adam/Documents/Projects/github.com/advdv/bhttp/reverser_test.go:11 @ 06/30/24 14:27:32.234&#xA;&lt; Exit [BeforeEach] reverser - /Users/adam/Documents/Projects/github.com/advdv/bhttp/reverser_test.go:11 @ 06/30/24 14:27:32.234 (0s)&#xA;&gt; Enter [It] should error if already exists - /Users/adam/Documents/Projects/github.com/advdv/bhttp/reverser_test.go:21 @ 06/30/24 14:27:32.234&#xA;&lt; Exit [It] should error if already exists - /Users/adam/Documents/Projects/github.com/advdv/bhttp/reverser_test.go:21 @ 06/30/24 14:27:32.235 (0s)&#xA;</system-err>
          </testcase>
          <testcase name="[It] serve mux should serve the buffered endpoint" classname="bhttp" status="passed" time="0.000990708">
              <system-err>&gt; Enter [BeforeEach] serve mux - /Users/adam/Documents/Projects/github.com/advdv/bhttp/serve_mux_test.go:20 @ 06/30/24 14:27:32.236&#xA;&lt; Exit [BeforeEach] serve mux - /Users/adam/Documents/Projects/github.com/advdv/bhttp/serve_mux_test.go:20 @ 06/30/24 14:27:32.236 (0s)&#xA;&gt; Enter [It] should serve the buffered endpoint - /Users/adam/Documents/Projects/github.com/advdv/bhttp/serve_mux_test.go:57 @ 06/30/24 14:27:32.236&#xA;&lt; Exit [It] should serve the buffered endpoint - /Users/adam/Documents/Projects/github.com/advdv/bhttp/serve_mux_test.go:57 @ 06/30/24 14:27:32.237 (0s)&#xA;</system-err>
          </testcase>
          <testcase name="[It] handle implementations error on writing to limit buffer" classname="bhttp" status="passed" time="0.000548">
              <system-err>&gt; Enter [It] error on writing to limit buffer - /Users/adam/Documents/Projects/github.com/advdv/bhttp/handle_test.go:86 @ 06/30/24 14:27:32.238&#xA;&lt; Exit [It] error on writing to limit buffer - /Users/adam/Documents/Projects/github.com/advdv/bhttp/handle_test.go:86 @ 06/30/24 14:27:32.238 (0s)&#xA;</system-err>
          </testcase>
          <testcase name="[It] reverser should panic for Named error" classname="bhttp" status="passed" time="0.000740417">
              <system-err>&gt; Enter [BeforeEach] reverser - /Users/adam/Documents/Projects/github.com/advdv/bhttp/reverser_test.go:11 @ 06/30/24 14:27:32.24&#xA;&lt; Exit [BeforeEach] reverser - /Users/adam/Documents/Projects/github.com/advdv/bhttp/reverser_test.go:11 @ 06/30/24 14:27:32.24 (0s)&#xA;&gt; Enter [It] should panic for Named error - /Users/adam/Documents/Projects/github.com/advdv/bhttp/reverser_test.go:26 @ 06/30/24 14:27:32.24&#xA;&lt; Exit [It] should panic for Named error - /Users/adam/Documents/Projects/github.com/advdv/bhttp/reverser_test.go:26 @ 06/30/24 14:27:32.24 (0s)&#xA;</system-err>
          </testcase>
          <testcase name="[It] serve mux should serve the standard endpoint" classname="bhttp" status="passed" time="0.000830542">
              <system-err>&gt; Enter [BeforeEach] serve mux - /Users/adam/Documents/Projects/github.com/advdv/bhttp/serve_mux_test.go:20 @ 06/30/24 14:27:32.241&#xA;&lt; Exit [BeforeEach] serve mux - /Users/adam/Documents/Projects/github.com/advdv/bhttp/serve_mux_test.go:20 @ 06/30/24 14:27:32.242 (0s)&#xA;&gt; Enter [It] should serve the standard endpoint - /Users/adam/Documents/Projects/github.com/advdv/bhttp/serve_mux_test.go:65 @ 06/30/24 14:27:32.242&#xA;&lt; Exit [It] should serve the standard endpoint - /Users/adam/Documents/Projects/github.com/advdv/bhttp/serve_mux_test.go:65 @ 06/30/24 14:27:32.242 (0s)&#xA;</system-err>
          </testcase>
          <testcase name="[It] buffered writes reset behaviour should reset limit after reset" classname="bhttp" status="passed" time="0.000994416">
              <system-err>&gt; Enter [It] should reset limit after reset - /Users/adam/Documents/Projects/github.com/advdv/bhttp/buffer_response_test.go:311 @ 06/30/24 14:27:32.231&#xA;&lt; Exit [It] should reset limit after reset - /Users/adam/Documents/Projects/github.com/advdv/bhttp/buffer_response_test.go:311 @ 06/30/24 14:27:32.231 (0s)&#xA;</system-err>
          </testcase>
          <testcase name="[It] handle implementations equal set status after write" classname="bhttp" status="passed" time="0.002543208">
              <system-err>&gt; Enter [It] set status after write - /Users/adam/Documents/Projects/github.com/advdv/bhttp/buffer_response_test.go:176 @ 06/30/24 14:27:32.233&#xA;&lt; Exit [It] set status after write - /Users/adam/Documents/Projects/github.com/advdv/bhttp/buffer_response_test.go:176 @ 06/30/24 14:27:32.235 (2ms)&#xA;</system-err>
          </testcase>
          <testcase name="[It] handle implementations should handle flushing error" classname="bhttp" status="passed" time="0.000503417">
              <system-err>&gt; Enter [It] should handle flushing error - /Users/adam/Documents/Projects/github.com/advdv/bhttp/handle_test.go:111 @ 06/30/24 14:27:32.237&#xA;&lt; Exit [It] should handle flushing error - /Users/adam/Documents/Projects/github.com/advdv/bhttp/handle_test.go:111 @ 06/30/24 14:27:32.237 (0s)&#xA;</system-err>
          </testcase>
          <testcase name="[It] handle implementations equal headers and body after explicit Flush" classname="bhttp" status="passed" time="0.002209166">
              <system-err>&gt; Enter [It] headers and body after explicit Flush - /Users/adam/Documents/Projects/github.com/advdv/bhttp/buffer_response_test.go:162 @ 06/30/24 14:27:32.238&#xA;&lt; Exit [It] headers and body after explicit Flush - /Users/adam/Documents/Projects/github.com/advdv/bhttp/buffer_response_test.go:162 @ 06/30/24 14:27:32.24 (2ms)&#xA;</system-err>
          </testcase>
          <testcase name="[It] buffered writes limiting should flush correctly" classname="bhttp" status="passed" time="0.000492542">
              <system-err>&gt; Enter [It] should flush correctly - /Users/adam/Documents/Projects/github.com/advdv/bhttp/buffer_response_test.go:232 @ 06/30/24 14:27:32.242&#xA;&lt; Exit [It] should flush correctly - /Users/adam/Documents/Projects/github.com/advdv/bhttp/buffer_response_test.go:232 @ 06/30/24 14:27:32.242 (0s)&#xA;</system-err>
          </testcase>
          <testcase name="[It] buffered writes reset behaviour should reset to default status of 200" classname="bhttp" status="passed" time="0.000671875">
              <system-err>&gt; Enter [It] should reset to default status of 200 - /Users/adam/Documents/Projects/github.com/advdv/bhttp/buffer_response_test.go:293 @ 06/30/24 14:27:32.23&#xA;&lt; Exit [It] should reset to default status of 200 - /Users/adam/Documents/Projects/github.com/advdv/bhttp/buffer_response_test.go:293 @ 06/30/24 14:27:32.23 (0s)&#xA;</system-err>
          </testcase>
          <testcase name="[It] reverser should error if url building fails" classname="bhttp" status="passed" time="0.000972">
              <system-err>&gt; Enter [BeforeEach] reverser - /Users/adam/Documents/Projects/github.com/advdv/bhttp/reverser_test.go:11 @ 06/30/24 14:27:32.232&#xA;&lt; Exit [BeforeEach] reverser - /Users/adam/Documents/Projects/github.com/advdv/bhttp/reverser_test.go:11 @ 06/30/24 14:27:32.232 (0s)&#xA;&gt; Enter [It] should error if url building fails - /Users/adam/Documents/Projects/github.com/advdv/bhttp/reverser_test.go:37 @ 06/30/24 14:27:32.232&#xA;&lt; Exit [It] should error if url building fails - /Users/adam/Documents/Projects/github.com/advdv/bhttp/reverser_test.go:37 @ 06/30/24 14:27:32.232 (0s)&#xA;</system-err>
          </testcase>
          <testcase name="[It] buffered writes limiting should limit writes exactly" classname="bhttp" status="passed" time="0.000484708">
              <system-err>&gt; Enter [It] should limit writes exactly - /Users/adam/Documents/Projects/github.com/advdv/bhttp/buffer_response_test.go:205 @ 06/30/24 14:27:32.234&#xA;&lt; Exit [It] should limit writes exactly - /Users/adam/Documents/Projects/github.com/advdv/bhttp/buffer_response_test.go:205 @ 06/30/24 14:27:32.234 (0s)&#xA;</system-err>
          </testcase>
          <testcase name="[It] handle implementations equal implicit header writing" classname="bhttp" status="passed" time="0.002687542">
              <system-err>&gt; Enter [It] implicit header writing - /Users/adam/Documents/Projects/github.com/advdv/bhttp/buffer_response_test.go:113 @ 06/30/24 14:27:32.235&#xA;&lt; Exit [It] implicit header writing - /Users/adam/Documents/Projects/github.com/advdv/bhttp/buffer_response_test.go:113 @ 06/30/24 14:27:32.238 (2ms)&#xA;</system-err>
          </testcase>
          <testcase name="[It] handle implementations equal set header after .Write" classname="bhttp" status="passed" time="0.002014084">
              <system-err>&gt; Enter [It] set header after .Write - /Users/adam/Documents/Projects/github.com/advdv/bhttp/buffer_response_test.go:129 @ 06/30/24 14:27:32.239&#xA;&lt; Exit [It] set header after .Write - /Users/adam/Documents/Projects/github.com/advdv/bhttp/buffer_response_test.go:129 @ 06/30/24 14:27:32.241 (2ms)&#xA;</system-err>
          </testcase>
          <testcase name="[It] buffered writes should unwrap correctly" classname="bhttp" status="passed" time="0.000358417">
              <system-err>&gt; Enter [It] should unwrap correctly - /Users/adam/Documents/Projects/github.com/advdv/bhttp/buffer_response_test.go:245 @ 06/30/24 14:27:32.242&#xA;&lt; Exit [It] should unwrap correctly - /Users/adam/Documents/Projects/github.com/advdv/bhttp/buffer_response_test.go:245 @ 06/30/24 14:27:32.242 (0s)&#xA;</system-err>
          </testcase>
          <testcase name="[It] handle implementations should return usual response on success" classname="bhttp" status="passed" time="0.000587625">
              <system-err>&gt; Enter [It] should return usual response on success - /Users/adam/Documents/Projects/github.com/advdv/bhttp/handle_test.go:71 @ 06/30/24 14:27:32.236&#xA;&lt; Exit [It] should return usual response on success - /Users/adam/Documents/Projects/github.com/advdv/bhttp/handle_test.go:71 @ 06/30/24 14:27:32.236 (0s)&#xA;</system-err>
          </testcase>
          <testcase name="[It] buffered writes should pass on flush errors" classname="bhttp" status="passed" time="0.000530333">
              <system-err>&gt; Enter [It] should pass on flush errors - /Users/adam/Documents/Projects/github.com/advdv/bhttp/buffer_response_test.go:251 @ 06/30/24 14:27:32.238&#xA;&lt; Exit [It] should pass on flush errors - /Users/adam/Documents/Projects/github.com/advdv/bhttp/buffer_response_test.go:251 @ 06/30/24 14:27:32.238 (0s)&#xA;</system-err>
          </testcase>
          <testcase name="[It] buffered writes limiting should limit writes when writing past" classname="bhttp" status="passed" time="0.000375292">
              <system-err>&gt; Enter [It] should limit writes when writing past - /Users/adam/Documents/Projects/github.com/advdv/bhttp/buffer_response_test.go:215 @ 06/30/24 14:27:32.24&#xA;&lt; Exit [It] should limit writes when writing past - /Users/adam/Documents/Projects/github.com/advdv/bhttp/buffer_response_test.go:215 @ 06/30/24 14:27:32.24 (0s)&#xA;</system-err>
          </testcase>
          <testcase name="[It] serve mux should reverse standard" classname="bhttp" status="passed" time="0.000948334">
              <system-err>&gt; Enter [BeforeEach] serve mux - /Users/adam/Documents/Projects/github.com/advdv/bhttp/serve_mux_test.go:20 @ 06/30/24 14:27:32.242&#xA;&lt; Exit [BeforeEach] serve mux - /Users/adam/Documents/Projects/github.com/advdv/bhttp/serve_mux_test.go:20 @ 06/30/24 14:27:32.242 (0s)&#xA;&gt; Enter [It] should reverse standard - /Users/adam/Documents/Projects/github.com/advdv/bhttp/serve_mux_test.go:51 @ 06/30/24 14:27:32.242&#xA;&lt; Exit [It] should reverse standard - /Users/adam/Documents/Projects/github.com/advdv/bhttp/serve_mux_test.go:51 @ 06/30/24 14:27:32.242 (0s)&#xA;</system-err>
          </testcase>
          <testcase name="[It] handle implementations equal implicit 200" classname="bhttp" status="passed" time="0.002117292">
              <system-err>&gt; Enter [It] implicit 200 - /Users/adam/Documents/Projects/github.com/advdv/bhttp/buffer_response_test.go:107 @ 06/30/24 14:27:32.239&#xA;&lt; Exit [It] implicit 200 - /Users/adam/Documents/Projects/github.com/advdv/bhttp/buffer_response_test.go:107 @ 06/30/24 14:27:32.241 (2ms)&#xA;</system-err>
          </testcase>
          <testcase name="[It] buffered writes reset behaviour should allow re-writing status code" classname="bhttp" status="passed" time="0.000299541">
              <system-err>&gt; Enter [It] should allow re-writing status code - /Users/adam/Documents/Projects/github.com/advdv/bhttp/buffer_response_test.go:283 @ 06/30/24 14:27:32.242&#xA;&lt; Exit [It] should allow re-writing status code - /Users/adam/Documents/Projects/github.com/advdv/bhttp/buffer_response_test.go:283 @ 06/30/24 14:27:32.242 (0s)&#xA;</system-err>
          </testcase>
          <testcase name="[It] serve mux should reverse buffered" classname="bhttp" status="passed" time="0.001091">
              <system-err>&gt; Enter [BeforeEach] serve mux - /Users/adam/Documents/Projects/github.com/advdv/bhttp/serve_mux_test.go:20 @ 06/30/24 14:27:32.235&#xA;&lt; Exit [BeforeEach] serve mux - /Users/adam/Documents/Projects/github.com/advdv/bhttp/serve_mux_test.go:20 @ 06/30/24 14:27:32.235 (0s)&#xA;&gt; Enter [It] should reverse buffered - /Users/adam/Documents/Projects/github.com/advdv/bhttp/serve_mux_test.go:45 @ 06/30/24 14:27:32.235&#xA;&lt; Exit [It] should reverse buffered - /Users/adam/Documents/Projects/github.com/advdv/bhttp/serve_mux_test.go:45 @ 06/30/24 14:27:32.236 (0s)&#xA;</system-err>
          </testcase>
          <testcase name="[It] reverser should error if reversing unknown name" classname="bhttp" status="passed" time="0.001058084">
              <system-err>&gt; Enter [BeforeEach] reverser - /Users/adam/Documents/Projects/github.com/advdv/bhttp/reverser_test.go:11 @ 06/30/24 14:27:32.237&#xA;&lt; Exit [BeforeEach] reverser - /Users/adam/Documents/Projects/github.com/advdv/bhttp/reverser_test.go:11 @ 06/30/24 14:27:32.237 (0s)&#xA;&gt; Enter [It] should error if reversing unknown name - /Users/adam/Documents/Projects/github.com/advdv/bhttp/reverser_test.go:32 @ 06/30/24 14:27:32.237&#xA;&lt; Exit [It] should error if reversing unknown name - /Users/adam/Documents/Projects/github.com/advdv/bhttp/reverser_test.go:32 @ 06/30/24 14:27:32.238 (0s)&#xA;</system-err>
          </testcase>
          <testcase name="[It] handle implementations equal explicit 201" classname="bhttp" status="passed" time="0.002628417">
              <system-err>&gt; Enter [It] explicit 201 - /Users/adam/Documents/Projects/github.com/advdv/bhttp/buffer_response_test.go:123 @ 06/30/24 14:27:32.239&#xA;&lt; Exit [It] explicit 201 - /Users/adam/Documents/Projects/github.com/advdv/bhttp/buffer_response_test.go:123 @ 06/30/24 14:27:32.241 (2ms)&#xA;</system-err>
          </testcase>
          <testcase name="[It] buffered writes reset behaviour should not allow reset after explicit flush" classname="bhttp" status="passed" time="0.0003055">
              <system-err>&gt; Enter [It] should not allow reset after explicit flush - /Users/adam/Documents/Projects/github.com/advdv/bhttp/buffer_response_test.go:302 @ 06/30/24 14:27:32.243&#xA;&lt; Exit [It] should not allow reset after explicit flush - /Users/adam/Documents/Projects/github.com/advdv/bhttp/buffer_response_test.go:302 @ 06/30/24 14:27:32.243 (0s)&#xA;</system-err>
          </testcase>
          <testcase name="[It] reverser should reverse" classname="bhttp" status="passed" time="0.001063">
              <system-err>&gt; Enter [BeforeEach] reverser - /Users/adam/Documents/Projects/github.com/advdv/bhttp/reverser_test.go:11 @ 06/30/24 14:27:32.231&#xA;&lt; Exit [BeforeEach] reverser - /Users/adam/Documents/Projects/github.com/advdv/bhttp/reverser_test.go:11 @ 06/30/24 14:27:32.231 (0s)&#xA;&gt; Enter [It] should reverse - /Users/adam/Documents/Projects/github.com/advdv/bhttp/reverser_test.go:17 @ 06/30/24 14:27:32.232&#xA;&lt; Exit [It] should reverse - /Users/adam/Documents/Projects/github.com/advdv/bhttp/reverser_test.go:17 @ 06/30/24 14:27:32.232 (0s)&#xA;</system-err>
          </testcase>
          <testcase name="[It] buffered writes reset behaviour should allow re-writing after reset" classname="bhttp" status="passed" time="0.000505959">
              <system-err>&gt; Enter [It] should allow re-writing after reset - /Users/adam/Documents/Projects/github.com/advdv/bhttp/buffer_response_test.go:260 @ 06/30/24 14:27:32.233&#xA;&lt; Exit [It] should allow re-writing after reset - /Users/adam/Documents/Projects/github.com/advdv/bhttp/buffer_response_test.go:260 @ 06/30/24 14:27:32.233 (0s)&#xA;</system-err>
          </testcase>
          <testcase name="[It] handle implementations equal headers without explicit .Write or WriteHeader" classname="bhttp" status="passed" time="0.002647292">
              <system-err>&gt; Enter [It] headers without explicit .Write or WriteHeader - /Users/adam/Documents/Projects/github.com/advdv/bhttp/buffer_response_test.go:151 @ 06/30/24 14:27:32.235&#xA;&lt; Exit [It] headers without explicit .Write or WriteHeader - /Users/adam/Documents/Projects/github.com/advdv/bhttp/buffer_response_test.go:151 @ 06/30/24 14:27:32.237 (2ms)&#xA;</system-err>
          </testcase>
          <testcase name="[It] handle implementations should log unhandled errors by default" classname="bhttp" status="passed" time="0.000451208">
              <system-err>&gt; Enter [It] should log unhandled errors by default - /Users/adam/Documents/Projects/github.com/advdv/bhttp/handle_test.go:99 @ 06/30/24 14:27:32.238&#xA;&lt; Exit [It] should log unhandled errors by default - /Users/adam/Documents/Projects/github.com/advdv/bhttp/handle_test.go:99 @ 06/30/24 14:27:32.239 (0s)&#xA;</system-err>
          </testcase>
          <testcase name="[It] middleware should panic, recover, reset the response and return a new error response" classname="bhttp" status="passed" time="0.000491625">
              <system-err>&gt; Enter [It] should panic, recover, reset the response and return a new error response - /Users/adam/Documents/Projects/github.com/advdv/bhttp/middleware_test.go:108 @ 06/30/24 14:27:32.24&#xA;&lt; Exit [It] should panic, recover, reset the response and return a new error response - /Users/adam/Documents/Projects/github.com/advdv/bhttp/middleware_test.go:108 @ 06/30/24 14:27:32.24 (0s)&#xA;</system-err>
          </testcase>
          <testcase name="[It] middleware should just return the handler without middleware" classname="bhttp" status="passed" time="0.000332375">
              <system-err>&gt; Enter [It] should just return the handler without middleware - /Users/adam/Documents/Projects/github.com/advdv/bhttp/middleware_test.go:30 @ 06/30/24 14:27:32.241&#xA;&lt; Exit [It] should just return the handler without middleware - /Users/adam/Documents/Projects/github.com/advdv/bhttp/middleware_test.go:30 @ 06/30/24 14:27:32.241 (0s)&#xA;</system-err>
          </testcase>
          <testcase name="[It] handle implementations equal set header after .WriteHeader" classname="bhttp" status="passed" time="0.001922459">
              <system-err>&gt; Enter [It] set header after .WriteHeader - /Users/adam/Documents/Projects/github.com/advdv/bhttp/buffer_response_test.go:140 @ 06/30/24 14:27:32.243&#xA;&lt; Exit [It] set header after .WriteHeader - /Users/adam/Documents/Projects/github.com/advdv/bhttp/buffer_response_test.go:140 @ 06/30/24 14:27:32.244 (2ms)&#xA;</system-err>
          </testcase>
      </testsuite>
  </testsuites>