<?xml version="1.0" encoding="UTF-8"?>
  <testsuites tests="39" disabled="0" errors="0" failures="0" time="0.021913">
      <testsuite name="bhttp" package="/Users/adam/Documents/Projects/github.com/advdv/bhttp" tests="39" disabled="0" skipped="0" errors="0" failures="0" time="0.021913" timestamp="2024-08-16T13:25:13">
          <properties>
              <property name="SuiteSucceeded" value="true"></property>
              <property name="SuiteHasProgrammaticFocus" value="false"></property>
              <property name="SpecialSuiteFailureReason" value=""></property>
              <property name="SuiteLabels" value="[]"></property>
              <property name="RandomSeed" value="1723807513"></property>
              <property name="RandomizeAllSpecs" value="true"></property>
              <property name="LabelFilter" value=""></property>
              <property name="FocusStrings" value=""></property>
              <property name="SkipStrings" value=""></property>
              <property name="FocusFiles" value=""></property>
              <property name="SkipFiles" value=""></property>
              <property name="FailOnPending" value="true"></property>
              <property name="FailOnEmpty" value="false"></property>
              <property name="FailFast" value="false"></property>
              <property name="FlakeAttempts" value="0"></property>
              <property name="DryRun" value="false"></property>
              <property name="ParallelTotal" value="7"></property>
              <property name="OutputInterceptorMode" value=""></property>
          </properties>
          <testcase name="[It] buffered writes limiting should limit writes when writing past" classname="bhttp" status="passed" time="0.000395167">
              <system-err>&gt; Enter [It] should limit writes when writing past - /Users/adam/Documents/Projects/github.com/advdv/bhttp/buffer_response_test.go:215 @ 08/16/24 13:25:13.242&#xA;&lt; Exit [It] should limit writes when writing past - /Users/adam/Documents/Projects/github.com/advdv/bhttp/buffer_response_test.go:215 @ 08/16/24 13:25:13.242 (0s)&#xA;</system-err>
          </testcase>
          <testcase name="[It] reverser should reverse" classname="bhttp" status="passed" time="0.000812">
              <system-err>&gt; Enter [BeforeEach] reverser - /Users/adam/Documents/Projects/github.com/advdv/bhttp/reverser_test.go:11 @ 08/16/24 13:25:13.244&#xA;&lt; Exit [BeforeEach] reverser - /Users/adam/Documents/Projects/github.com/advdv/bhttp/reverser_test.go:11 @ 08/16/24 13:25:13.244 (0s)&#xA;&gt; Enter [It] should reverse - /Users/adam/Documents/Projects/github.com/advdv/bhttp/reverser_test.go:17 @ 08/16/24 13:25:13.244&#xA;&lt; Exit [It] should reverse - /Users/adam/Documents/Projects/github.com/advdv/bhttp/reverser_test.go:17 @ 08/16/24 13:25:13.244 (0s)&#xA;</system-err>
          </testcase>
          <testcase name="[It] serve mux should not allow calling use after handle" classname="bhttp" status="passed" time="0.000985292">
              <system-err>&gt; Enter [BeforeEach] serve mux - /Users/adam/Documents/Projects/github.com/advdv/bhttp/serve_mux_test.go:20 @ 08/16/24 13:25:13.245&#xA;&lt; Exit [BeforeEach] serve mux - /Users/adam/Documents/Projects/github.com/advdv/bhttp/serve_mux_test.go:20 @ 08/16/24 13:25:13.246 (0s)&#xA;&gt; Enter [It] should not allow calling use after handle - /Users/adam/Documents/Projects/github.com/advdv/bhttp/serve_mux_test.go:73 @ 08/16/24 13:25:13.246&#xA;&lt; Exit [It] should not allow calling use after handle - /Users/adam/Documents/Projects/github.com/advdv/bhttp/serve_mux_test.go:73 @ 08/16/24 13:25:13.246 (0s)&#xA;</system-err>
          </testcase>
          <testcase name="[It] buffered writes reset behaviour should not allow reset after explicit flush" classname="bhttp" status="passed" time="0.000519083">
              <system-err>&gt; Enter [It] should not allow reset after explicit flush - /Users/adam/Documents/Projects/github.com/advdv/bhttp/buffer_response_test.go:302 @ 08/16/24 13:25:13.247&#xA;&lt; Exit [It] should not allow reset after explicit flush - /Users/adam/Documents/Projects/github.com/advdv/bhttp/buffer_response_test.go:302 @ 08/16/24 13:25:13.248 (0s)&#xA;</system-err>
          </testcase>
          <testcase name="[It] handle implementations equal implicit header writing" classname="bhttp" status="passed" time="0.002343167">
              <system-err>&gt; Enter [It] implicit header writing - /Users/adam/Documents/Projects/github.com/advdv/bhttp/buffer_response_test.go:113 @ 08/16/24 13:25:13.25&#xA;&lt; Exit [It] implicit header writing - /Users/adam/Documents/Projects/github.com/advdv/bhttp/buffer_response_test.go:113 @ 08/16/24 13:25:13.252 (2ms)&#xA;</system-err>
          </testcase>
          <testcase name="[It] handle implementations equal set header after .Write" classname="bhttp" status="passed" time="0.0022645">
              <system-err>&gt; Enter [It] set header after .Write - /Users/adam/Documents/Projects/github.com/advdv/bhttp/buffer_response_test.go:129 @ 08/16/24 13:25:13.253&#xA;&lt; Exit [It] set header after .Write - /Users/adam/Documents/Projects/github.com/advdv/bhttp/buffer_response_test.go:129 @ 08/16/24 13:25:13.255 (2ms)&#xA;</system-err>
          </testcase>
          <testcase name="[It] reverser should error if reversing unknown name" classname="bhttp" status="passed" time="0.00167925">
              <system-err>&gt; Enter [BeforeEach] reverser - /Users/adam/Documents/Projects/github.com/advdv/bhttp/reverser_test.go:11 @ 08/16/24 13:25:13.25&#xA;&lt; Exit [BeforeEach] reverser - /Users/adam/Documents/Projects/github.com/advdv/bhttp/reverser_test.go:11 @ 08/16/24 13:25:13.251 (0s)&#xA;&gt; Enter [It] should error if reversing unknown name - /Users/adam/Documents/Projects/github.com/advdv/bhttp/reverser_test.go:32 @ 08/16/24 13:25:13.251&#xA;&lt; Exit [It] should error if reversing unknown name - /Users/adam/Documents/Projects/github.com/advdv/bhttp/reverser_test.go:32 @ 08/16/24 13:25:13.251 (0s)&#xA;</system-err>
          </testcase>
          <testcase name="[It] handle implementations equal implicit 200" classname="bhttp" status="passed" time="0.002656042">
              <system-err>&gt; Enter [It] implicit 200 - /Users/adam/Documents/Projects/github.com/advdv/bhttp/buffer_response_test.go:107 @ 08/16/24 13:25:13.252&#xA;&lt; Exit [It] implicit 200 - /Users/adam/Documents/Projects/github.com/advdv/bhttp/buffer_response_test.go:107 @ 08/16/24 13:25:13.255 (2ms)&#xA;</system-err>
          </testcase>
          <testcase name="[It] handle implementations equal explicit 201" classname="bhttp" status="passed" time="0.003310708">
              <system-err>&gt; Enter [It] explicit 201 - /Users/adam/Documents/Projects/github.com/advdv/bhttp/buffer_response_test.go:123 @ 08/16/24 13:25:13.246&#xA;&lt; Exit [It] explicit 201 - /Users/adam/Documents/Projects/github.com/advdv/bhttp/buffer_response_test.go:123 @ 08/16/24 13:25:13.249 (3ms)&#xA;</system-err>
          </testcase>
          <testcase name="[It] handle implementations should return usual response on success" classname="bhttp" status="passed" time="0.000499458">
              <system-err>&gt; Enter [It] should return usual response on success - /Users/adam/Documents/Projects/github.com/advdv/bhttp/handle_test.go:79 @ 08/16/24 13:25:13.25&#xA;&lt; Exit [It] should return usual response on success - /Users/adam/Documents/Projects/github.com/advdv/bhttp/handle_test.go:79 @ 08/16/24 13:25:13.25 (0s)&#xA;</system-err>
          </testcase>
          <testcase name="[It] buffered writes limiting should limit writes exactly" classname="bhttp" status="passed" time="0.000407375">
              <system-err>&gt; Enter [It] should limit writes exactly - /Users/adam/Documents/Projects/github.com/advdv/bhttp/buffer_response_test.go:205 @ 08/16/24 13:25:13.252&#xA;&lt; Exit [It] should limit writes exactly - /Users/adam/Documents/Projects/github.com/advdv/bhttp/buffer_response_test.go:205 @ 08/16/24 13:25:13.252 (0s)&#xA;</system-err>
          </testcase>
          <testcase name="[It] handle implementations equal headers without explicit .Write or WriteHeader" classname="bhttp" status="passed" time="0.002211125">
              <system-err>&gt; Enter [It] headers without explicit .Write or WriteHeader - /Users/adam/Documents/Projects/github.com/advdv/bhttp/buffer_response_test.go:151 @ 08/16/24 13:25:13.254&#xA;&lt; Exit [It] headers without explicit .Write or WriteHeader - /Users/adam/Documents/Projects/github.com/advdv/bhttp/buffer_response_test.go:151 @ 08/16/24 13:25:13.256 (2ms)&#xA;</system-err>
          </testcase>
          <testcase name="[It] buffered writes reset behaviour should allow re-writing after reset" classname="bhttp" status="passed" time="0.000654667">
              <system-err>&gt; Enter [It] should allow re-writing after reset - /Users/adam/Documents/Projects/github.com/advdv/bhttp/buffer_response_test.go:260 @ 08/16/24 13:25:13.243&#xA;&lt; Exit [It] should allow re-writing after reset - /Users/adam/Documents/Projects/github.com/advdv/bhttp/buffer_response_test.go:260 @ 08/16/24 13:25:13.243 (0s)&#xA;</system-err>
          </testcase>
          <testcase name="[It] middleware should panic, recover, reset the response and return a new error response" classname="bhttp" status="passed" time="0.00026375">
              <system-err>&gt; Enter [It] should panic, recover, reset the response and return a new error response - /Users/adam/Documents/Projects/github.com/advdv/bhttp/middleware_test.go:127 @ 08/16/24 13:25:13.244&#xA;&lt; Exit [It] should panic, recover, reset the response and return a new error response - /Users/adam/Documents/Projects/github.com/advdv/bhttp/middleware_test.go:127 @ 08/16/24 13:25:13.244 (0s)&#xA;</system-err>
          </testcase>
          <testcase name="[It] buffered writes should pass on flush errors" classname="bhttp" status="passed" time="0.00047025">
              <system-err>&gt; Enter [It] should pass on flush errors - /Users/adam/Documents/Projects/github.com/advdv/bhttp/buffer_response_test.go:251 @ 08/16/24 13:25:13.246&#xA;&lt; Exit [It] should pass on flush errors - /Users/adam/Documents/Projects/github.com/advdv/bhttp/buffer_response_test.go:251 @ 08/16/24 13:25:13.246 (0s)&#xA;</system-err>
          </testcase>
          <testcase name="[It] handle implementations equal headers and body after explicit Flush" classname="bhttp" status="passed" time="0.003136583">
              <system-err>&gt; Enter [It] headers and body after explicit Flush - /Users/adam/Documents/Projects/github.com/advdv/bhttp/buffer_response_test.go:162 @ 08/16/24 13:25:13.247&#xA;&lt; Exit [It] headers and body after explicit Flush - /Users/adam/Documents/Projects/github.com/advdv/bhttp/buffer_response_test.go:162 @ 08/16/24 13:25:13.25 (3ms)&#xA;</system-err>
          </testcase>
          <testcase name="[It] buffered writes reset behaviour should allow re-writing headers" classname="bhttp" status="passed" time="0.000519">
              <system-err>&gt; Enter [It] should allow re-writing headers - /Users/adam/Documents/Projects/github.com/advdv/bhttp/buffer_response_test.go:271 @ 08/16/24 13:25:13.252&#xA;&lt; Exit [It] should allow re-writing headers - /Users/adam/Documents/Projects/github.com/advdv/bhttp/buffer_response_test.go:271 @ 08/16/24 13:25:13.252 (0s)&#xA;</system-err>
          </testcase>
          <testcase name="[It] buffered writes reset behaviour should reset limit after reset" classname="bhttp" status="passed" time="0.000412167">
              <system-err>&gt; Enter [It] should reset limit after reset - /Users/adam/Documents/Projects/github.com/advdv/bhttp/buffer_response_test.go:311 @ 08/16/24 13:25:13.253&#xA;&lt; Exit [It] should reset limit after reset - /Users/adam/Documents/Projects/github.com/advdv/bhttp/buffer_response_test.go:311 @ 08/16/24 13:25:13.253 (0s)&#xA;</system-err>
          </testcase>
          <testcase name="[It] serve mux should not allow calling use after handle" classname="bhttp" status="passed" time="0.000906084">
              <system-err>&gt; Enter [BeforeEach] serve mux - /Users/adam/Documents/Projects/github.com/advdv/bhttp/serve_mux_test.go:20 @ 08/16/24 13:25:13.255&#xA;&lt; Exit [BeforeEach] serve mux - /Users/adam/Documents/Projects/github.com/advdv/bhttp/serve_mux_test.go:20 @ 08/16/24 13:25:13.255 (0s)&#xA;&gt; Enter [It] should not allow calling use after handle - /Users/adam/Documents/Projects/github.com/advdv/bhttp/serve_mux_test.go:79 @ 08/16/24 13:25:13.255&#xA;&lt; Exit [It] should not allow calling use after handle - /Users/adam/Documents/Projects/github.com/advdv/bhttp/serve_mux_test.go:79 @ 08/16/24 13:25:13.255 (0s)&#xA;</system-err>
          </testcase>
          <testcase name="[It] reverser should panic for Named error" classname="bhttp" status="passed" time="0.000752875">
              <system-err>&gt; Enter [BeforeEach] reverser - /Users/adam/Documents/Projects/github.com/advdv/bhttp/reverser_test.go:11 @ 08/16/24 13:25:13.245&#xA;&lt; Exit [BeforeEach] reverser - /Users/adam/Documents/Projects/github.com/advdv/bhttp/reverser_test.go:11 @ 08/16/24 13:25:13.245 (0s)&#xA;&gt; Enter [It] should panic for Named error - /Users/adam/Documents/Projects/github.com/advdv/bhttp/reverser_test.go:26 @ 08/16/24 13:25:13.245&#xA;&lt; Exit [It] should panic for Named error - /Users/adam/Documents/Projects/github.com/advdv/bhttp/reverser_test.go:26 @ 08/16/24 13:25:13.246 (0s)&#xA;</system-err>
          </testcase>
          <testcase name="[It] handle implementations equal set status after write" classname="bhttp" status="passed" time="0.003173458">
              <system-err>&gt; Enter [It] set status after write - /Users/adam/Documents/Projects/github.com/advdv/bhttp/buffer_response_test.go:176 @ 08/16/24 13:25:13.247&#xA;&lt; Exit [It] set status after write - /Users/adam/Documents/Projects/github.com/advdv/bhttp/buffer_response_test.go:176 @ 08/16/24 13:25:13.25 (3ms)&#xA;</system-err>
          </testcase>
          <testcase name="[It] reverser should error if already exists" classname="bhttp" status="passed" time="0.001160209">
              <system-err>&gt; Enter [BeforeEach] reverser - /Users/adam/Documents/Projects/github.com/advdv/bhttp/reverser_test.go:11 @ 08/16/24 13:25:13.252&#xA;&lt; Exit [BeforeEach] reverser - /Users/adam/Documents/Projects/github.com/advdv/bhttp/reverser_test.go:11 @ 08/16/24 13:25:13.252 (0s)&#xA;&gt; Enter [It] should error if already exists - /Users/adam/Documents/Projects/github.com/advdv/bhttp/reverser_test.go:21 @ 08/16/24 13:25:13.252&#xA;&lt; Exit [It] should error if already exists - /Users/adam/Documents/Projects/github.com/advdv/bhttp/reverser_test.go:21 @ 08/16/24 13:25:13.252 (0s)&#xA;</system-err>
          </testcase>
          <testcase name="[It] serve mux should reverse standard" classname="bhttp" status="passed" time="0.001043416">
              <system-err>&gt; Enter [BeforeEach] serve mux - /Users/adam/Documents/Projects/github.com/advdv/bhttp/serve_mux_test.go:20 @ 08/16/24 13:25:13.254&#xA;&lt; Exit [BeforeEach] serve mux - /Users/adam/Documents/Projects/github.com/advdv/bhttp/serve_mux_test.go:20 @ 08/16/24 13:25:13.254 (0s)&#xA;&gt; Enter [It] should reverse standard - /Users/adam/Documents/Projects/github.com/advdv/bhttp/serve_mux_test.go:51 @ 08/16/24 13:25:13.254&#xA;&lt; Exit [It] should reverse standard - /Users/adam/Documents/Projects/github.com/advdv/bhttp/serve_mux_test.go:51 @ 08/16/24 13:25:13.254 (0s)&#xA;</system-err>
          </testcase>
          <testcase name="[It] buffered writes should unwrap correctly" classname="bhttp" status="passed" time="0.000332917">
              <system-err>&gt; Enter [It] should unwrap correctly - /Users/adam/Documents/Projects/github.com/advdv/bhttp/buffer_response_test.go:245 @ 08/16/24 13:25:13.256&#xA;&lt; Exit [It] should unwrap correctly - /Users/adam/Documents/Projects/github.com/advdv/bhttp/buffer_response_test.go:245 @ 08/16/24 13:25:13.256 (0s)&#xA;</system-err>
          </testcase>
          <testcase name="[It] middleware should just return the std handler without middleware" classname="bhttp" status="passed" time="0.000858541">
              <system-err>&gt; Enter [It] should just return the std handler without middleware - /Users/adam/Documents/Projects/github.com/advdv/bhttp/middleware_test.go:51 @ 08/16/24 13:25:13.241&#xA;&lt; Exit [It] should just return the std handler without middleware - /Users/adam/Documents/Projects/github.com/advdv/bhttp/middleware_test.go:51 @ 08/16/24 13:25:13.242 (0s)&#xA;</system-err>
          </testcase>
          <testcase name="[It] handle implementations should handle flushing error" classname="bhttp" status="passed" time="0.000550042">
              <system-err>&gt; Enter [It] should handle flushing error - /Users/adam/Documents/Projects/github.com/advdv/bhttp/handle_test.go:119 @ 08/16/24 13:25:13.243&#xA;&lt; Exit [It] should handle flushing error - /Users/adam/Documents/Projects/github.com/advdv/bhttp/handle_test.go:119 @ 08/16/24 13:25:13.243 (0s)&#xA;</system-err>
          </testcase>
          <testcase name="[It] serve mux should serve the buffered endpoint" classname="bhttp" status="passed" time="0.001214792">
              <system-err>&gt; Enter [BeforeEach] serve mux - /Users/adam/Documents/Projects/github.com/advdv/bhttp/serve_mux_test.go:20 @ 08/16/24 13:25:13.245&#xA;&lt; Exit [BeforeEach] serve mux - /Users/adam/Documents/Projects/github.com/advdv/bhttp/serve_mux_test.go:20 @ 08/16/24 13:25:13.245 (0s)&#xA;&gt; Enter [It] should serve the buffered endpoint - /Users/adam/Documents/Projects/github.com/advdv/bhttp/serve_mux_test.go:57 @ 08/16/24 13:25:13.245&#xA;&lt; Exit [It] should serve the buffered endpoint - /Users/adam/Documents/Projects/github.com/advdv/bhttp/serve_mux_test.go:57 @ 08/16/24 13:25:13.246 (0s)&#xA;</system-err>
          </testcase>
          <testcase name="[It] handle implementations error on writing to limit buffer" classname="bhttp" status="passed" time="0.000635042">
              <system-err>&gt; Enter [It] error on writing to limit buffer - /Users/adam/Documents/Projects/github.com/advdv/bhttp/handle_test.go:94 @ 08/16/24 13:25:13.247&#xA;&lt; Exit [It] error on writing to limit buffer - /Users/adam/Documents/Projects/github.com/advdv/bhttp/handle_test.go:94 @ 08/16/24 13:25:13.247 (0s)&#xA;</system-err>
          </testcase>
          <testcase name="[It] middleware should wrap in the correct order, and allow context to be modif" classname="bhttp" status="passed" time="0.000845166">
              <system-err>&gt; Enter [It] should wrap in the correct order, and allow context to be modif - /Users/adam/Documents/Projects/github.com/advdv/bhttp/middleware_test.go:57 @ 08/16/24 13:25:13.249&#xA;STEP: making sure the request&#39;s context and c&#39;s carried data are equal - /Users/adam/Documents/Projects/github.com/advdv/bhttp/middleware_test.go:62 @ 08/16/24 13:25:13.249&#xA;STEP: making sure deadline is consistent between the two contexts - /Users/adam/Documents/Projects/github.com/advdv/bhttp/middleware_test.go:65 @ 08/16/24 13:25:13.249&#xA;&lt; Exit [It] should wrap in the correct order, and allow context to be modif - /Users/adam/Documents/Projects/github.com/advdv/bhttp/middleware_test.go:57 @ 08/16/24 13:25:13.25 (0s)&#xA;</system-err>
          </testcase>
          <testcase name="[It] buffered writes limiting should not limit writes when passed -1" classname="bhttp" status="passed" time="0.000368833">
              <system-err>&gt; Enter [It] should not limit writes when passed -1 - /Users/adam/Documents/Projects/github.com/advdv/bhttp/buffer_response_test.go:225 @ 08/16/24 13:25:13.251&#xA;&lt; Exit [It] should not limit writes when passed -1 - /Users/adam/Documents/Projects/github.com/advdv/bhttp/buffer_response_test.go:225 @ 08/16/24 13:25:13.251 (0s)&#xA;</system-err>
          </testcase>
          <testcase name="[It] handle implementations equal set header after .WriteHeader" classname="bhttp" status="passed" time="0.002505125">
              <system-err>&gt; Enter [It] set header after .WriteHeader - /Users/adam/Documents/Projects/github.com/advdv/bhttp/buffer_response_test.go:140 @ 08/16/24 13:25:13.252&#xA;&lt; Exit [It] set header after .WriteHeader - /Users/adam/Documents/Projects/github.com/advdv/bhttp/buffer_response_test.go:140 @ 08/16/24 13:25:13.255 (2ms)&#xA;</system-err>
          </testcase>
          <testcase name="[It] handle implementations should log unhandled errors by default" classname="bhttp" status="passed" time="0.000405375">
              <system-err>&gt; Enter [It] should log unhandled errors by default - /Users/adam/Documents/Projects/github.com/advdv/bhttp/handle_test.go:107 @ 08/16/24 13:25:13.256&#xA;&lt; Exit [It] should log unhandled errors by default - /Users/adam/Documents/Projects/github.com/advdv/bhttp/handle_test.go:107 @ 08/16/24 13:25:13.256 (0s)&#xA;</system-err>
          </testcase>
          <testcase name="[It] middleware should just return the handler without middleware" classname="bhttp" status="passed" time="0.000593583">
              <system-err>&gt; Enter [It] should just return the handler without middleware - /Users/adam/Documents/Projects/github.com/advdv/bhttp/middleware_test.go:42 @ 08/16/24 13:25:13.245&#xA;&lt; Exit [It] should just return the handler without middleware - /Users/adam/Documents/Projects/github.com/advdv/bhttp/middleware_test.go:42 @ 08/16/24 13:25:13.245 (0s)&#xA;</system-err>
          </testcase>
          <testcase name="[It] reverser should error if url building fails" classname="bhttp" status="passed" time="0.000934292">
              <system-err>&gt; Enter [BeforeEach] reverser - /Users/adam/Documents/Projects/github.com/advdv/bhttp/reverser_test.go:11 @ 08/16/24 13:25:13.247&#xA;&lt; Exit [BeforeEach] reverser - /Users/adam/Documents/Projects/github.com/advdv/bhttp/reverser_test.go:11 @ 08/16/24 13:25:13.247 (0s)&#xA;&gt; Enter [It] should error if url building fails - /Users/adam/Documents/Projects/github.com/advdv/bhttp/reverser_test.go:37 @ 08/16/24 13:25:13.247&#xA;&lt; Exit [It] should error if url building fails - /Users/adam/Documents/Projects/github.com/advdv/bhttp/reverser_test.go:37 @ 08/16/24 13:25:13.247 (0s)&#xA;</system-err>
          </testcase>
          <testcase name="[It] serve mux should reverse buffered" classname="bhttp" status="passed" time="0.001206292">
              <system-err>&gt; Enter [BeforeEach] serve mux - /Users/adam/Documents/Projects/github.com/advdv/bhttp/serve_mux_test.go:20 @ 08/16/24 13:25:13.249&#xA;&lt; Exit [BeforeEach] serve mux - /Users/adam/Documents/Projects/github.com/advdv/bhttp/serve_mux_test.go:20 @ 08/16/24 13:25:13.25 (0s)&#xA;&gt; Enter [It] should reverse buffered - /Users/adam/Documents/Projects/github.com/advdv/bhttp/serve_mux_test.go:45 @ 08/16/24 13:25:13.25&#xA;&lt; Exit [It] should reverse buffered - /Users/adam/Documents/Projects/github.com/advdv/bhttp/serve_mux_test.go:45 @ 08/16/24 13:25:13.25 (0s)&#xA;</system-err>
          </testcase>
          <testcase name="[It] buffered writes limiting should flush correctly" classname="bhttp" status="passed" time="0.000411042">
              <system-err>&gt; Enter [It] should flush correctly - /Users/adam/Documents/Projects/github.com/advdv/bhttp/buffer_response_test.go:232 @ 08/16/24 13:25:13.251&#xA;&lt; Exit [It] should flush correctly - /Users/adam/Documents/Projects/github.com/advdv/bhttp/buffer_response_test.go:232 @ 08/16/24 13:25:13.251 (0s)&#xA;</system-err>
          </testcase>
          <testcase name="[It] buffered writes reset behaviour should reset to default status of 200" classname="bhttp" status="passed" time="0.000288834">
              <system-err>&gt; Enter [It] should reset to default status of 200 - /Users/adam/Documents/Projects/github.com/advdv/bhttp/buffer_response_test.go:293 @ 08/16/24 13:25:13.253&#xA;&lt; Exit [It] should reset to default status of 200 - /Users/adam/Documents/Projects/github.com/advdv/bhttp/buffer_response_test.go:293 @ 08/16/24 13:25:13.253 (0s)&#xA;</system-err>
          </testcase>
          <testcase name="[It] buffered writes reset behaviour should allow re-writing status code" classname="bhttp" status="passed" time="0.000358458">
              <system-err>&gt; Enter [It] should allow re-writing status code - /Users/adam/Documents/Projects/github.com/advdv/bhttp/buffer_response_test.go:283 @ 08/16/24 13:25:13.254&#xA;&lt; Exit [It] should allow re-writing status code - /Users/adam/Documents/Projects/github.com/advdv/bhttp/buffer_response_test.go:283 @ 08/16/24 13:25:13.254 (0s)&#xA;</system-err>
          </testcase>
          <testcase name="[It] serve mux should serve the standard endpoint" classname="bhttp" status="passed" time="0.000771416">
              <system-err>&gt; Enter [BeforeEach] serve mux - /Users/adam/Documents/Projects/github.com/advdv/bhttp/serve_mux_test.go:20 @ 08/16/24 13:25:13.256&#xA;&lt; Exit [BeforeEach] serve mux - /Users/adam/Documents/Projects/github.com/advdv/bhttp/serve_mux_test.go:20 @ 08/16/24 13:25:13.256 (0s)&#xA;&gt; Enter [It] should serve the standard endpoint - /Users/adam/Documents/Projects/github.com/advdv/bhttp/serve_mux_test.go:65 @ 08/16/24 13:25:13.256&#xA;&lt; Exit [It] should serve the standard endpoint - /Users/adam/Documents/Projects/github.com/advdv/bhttp/serve_mux_test.go:65 @ 08/16/24 13:25:13.256 (0s)&#xA;</system-err>
          </testcase>
      </testsuite>
  </testsuites>